#
# There is insufficient memory for the Java Runtime Environment to continue.
# Native memory allocation (malloc) failed to allocate 86736 bytes for Chunk::new
# Possible reasons:
#   The system is out of physical RAM or swap space
#   The process is running with CompressedOops enabled, and the Java Heap may be blocking the growth of the native heap
# Possible solutions:
#   Reduce memory load on the system
#   Increase physical memory or swap space
#   Check if swap backing store is full
#   Decrease Java heap size (-Xmx/-Xms)
#   Decrease number of Java threads
#   Decrease Java thread stack sizes (-Xss)
#   Set larger code cache with -XX:ReservedCodeCacheSize=
#   JVM is running with Zero Based Compressed Oops mode in which the Java heap is
#     placed in the first 32GB address space. The Java Heap base address is the
#     maximum limit for the native heap growth. Please use -XX:HeapBaseMinAddress
#     to set the Java Heap base and to place the Java Heap above 32GB virtual address.
# This output file may be truncated or incomplete.
#
#  Out of Memory Error (arena.cpp:168), pid=36448, tid=78184
#
# JRE version: Java(TM) SE Runtime Environment (21.0.3+7) (build 21.0.3+7-LTS-152)
# Java VM: Java HotSpot(TM) 64-Bit Server VM (21.0.3+7-LTS-152, mixed mode, sharing, tiered, compressed oops, compressed class ptrs, g1 gc, windows-amd64)
# No core dump will be written. Minidumps are not enabled by default on client versions of Windows
#

---------------  S U M M A R Y ------------

Command Line: -javaagent:C:\Program Files\JetBrains\IntelliJ IDEA Community Edition 2024.3\lib\idea_rt.jar=50605:C:\Program Files\JetBrains\IntelliJ IDEA Community Edition 2024.3\bin -Dfile.encoding=UTF-8 -Dsun.stdout.encoding=UTF-8 -Dsun.stderr.encoding=UTF-8 com.egroc.GroceryWebApplication

Host: 13th Gen Intel(R) Core(TM) i5-13500H, 16 cores, 15G,  Windows 11 , 64 bit Build 22621 (10.0.22621.4391)
Time: Sat Jan  4 22:30:15 2025 Nepal Standard Time elapsed time: 0.548602 seconds (0d 0h 0m 0s)

---------------  T H R E A D  ---------------

Current thread (0x0000023c900717d0):  JavaThread "C2 CompilerThread1" daemon [_thread_in_native, id=78184, stack(0x000000cc8ba00000,0x000000cc8bb00000) (1024K)]


Current CompileTask:
C2:    548  774       4       java.io.DataInputStream::readFully (59 bytes)

Stack: [0x000000cc8ba00000,0x000000cc8bb00000]
Native frames: (J=compiled Java code, j=interpreted, Vv=VM code, C=native code)
V  [jvm.dll+0x6c63b9]
V  [jvm.dll+0x84fa11]
V  [jvm.dll+0x851f3e]
V  [jvm.dll+0x852613]
V  [jvm.dll+0x27cd46]
V  [jvm.dll+0xc4aad]
V  [jvm.dll+0xc4fe3]
V  [jvm.dll+0x3b1d22]
V  [jvm.dll+0x1ded5b]
V  [jvm.dll+0x245c92]
V  [jvm.dll+0x24511f]
V  [jvm.dll+0x1c689e]
V  [jvm.dll+0x254609]
V  [jvm.dll+0x252b9a]
V  [jvm.dll+0x3eb056]
V  [jvm.dll+0x7f9ffb]
V  [jvm.dll+0x6c4a9d]
C  [ucrtbase.dll+0x29333]
C  [KERNEL32.DLL+0x1259d]
C  [ntdll.dll+0x5af38]


---------------  P R O C E S S  ---------------

Threads class SMR info:
_java_thread_list=0x0000023c905fede0, length=15, elements={
0x0000023c2901c0f0, 0x0000023c4ae5fc90, 0x0000023c4ae60bb0, 0x0000023c4ae63da0,
0x0000023c4ae66a40, 0x0000023c4ae674a0, 0x0000023c4ae68440, 0x0000023c4ae6b9f0,
0x0000023c900211e0, 0x0000023c90072570, 0x0000023c90070a30, 0x0000023c4ae2adb0,
0x0000023c903fe660, 0x0000023c9039f130, 0x0000023c900717d0
}

Java Threads: ( => current thread )
  0x0000023c2901c0f0 JavaThread "main"                              [_thread_in_vm, id=105676, stack(0x000000cc8a700000,0x000000cc8a800000) (1024K)]
  0x0000023c4ae5fc90 JavaThread "Reference Handler"          daemon [_thread_blocked, id=104060, stack(0x000000cc8af00000,0x000000cc8b000000) (1024K)]
  0x0000023c4ae60bb0 JavaThread "Finalizer"                  daemon [_thread_blocked, id=30296, stack(0x000000cc8b000000,0x000000cc8b100000) (1024K)]
  0x0000023c4ae63da0 JavaThread "Signal Dispatcher"          daemon [_thread_blocked, id=107752, stack(0x000000cc8b100000,0x000000cc8b200000) (1024K)]
  0x0000023c4ae66a40 JavaThread "Attach Listener"            daemon [_thread_blocked, id=108532, stack(0x000000cc8b200000,0x000000cc8b300000) (1024K)]
  0x0000023c4ae674a0 JavaThread "Service Thread"             daemon [_thread_blocked, id=107640, stack(0x000000cc8b300000,0x000000cc8b400000) (1024K)]
  0x0000023c4ae68440 JavaThread "Monitor Deflation Thread"   daemon [_thread_blocked, id=104032, stack(0x000000cc8b400000,0x000000cc8b500000) (1024K)]
  0x0000023c4ae6b9f0 JavaThread "C2 CompilerThread0"         daemon [_thread_in_native, id=103348, stack(0x000000cc8b500000,0x000000cc8b600000) (1024K)]
  0x0000023c900211e0 JavaThread "C1 CompilerThread0"         daemon [_thread_blocked, id=81828, stack(0x000000cc8b600000,0x000000cc8b700000) (1024K)]
  0x0000023c90072570 JavaThread "C1 CompilerThread1"         daemon [_thread_blocked, id=107460, stack(0x000000cc8b700000,0x000000cc8b800000) (1024K)]
  0x0000023c90070a30 JavaThread "C1 CompilerThread2"         daemon [_thread_blocked, id=101944, stack(0x000000cc8b800000,0x000000cc8b900000) (1024K)]
  0x0000023c4ae2adb0 JavaThread "Common-Cleaner"             daemon [_thread_blocked, id=102384, stack(0x000000cc8b900000,0x000000cc8ba00000) (1024K)]
  0x0000023c903fe660 JavaThread "Monitor Ctrl-Break"         daemon [_thread_in_native, id=108240, stack(0x000000cc8bb00000,0x000000cc8bc00000) (1024K)]
  0x0000023c9039f130 JavaThread "Notification Thread"        daemon [_thread_blocked, id=16352, stack(0x000000cc8bc00000,0x000000cc8bd00000) (1024K)]
=>0x0000023c900717d0 JavaThread "C2 CompilerThread1"         daemon [_thread_in_native, id=78184, stack(0x000000cc8ba00000,0x000000cc8bb00000) (1024K)]
Total: 15

Other Threads:
  0x0000023c4ae42200 VMThread "VM Thread"                           [id=107388, stack(0x000000cc8ae00000,0x000000cc8af00000) (1024K)]
  0x0000023c4ae29d60 WatcherThread "VM Periodic Task Thread"        [id=97800, stack(0x000000cc8ad00000,0x000000cc8ae00000) (1024K)]
  0x0000023c2937f550 WorkerThread "GC Thread#0"                     [id=108068, stack(0x000000cc8a800000,0x000000cc8a900000) (1024K)]
  0x0000023c293901f0 ConcurrentGCThread "G1 Main Marker"            [id=104604, stack(0x000000cc8a900000,0x000000cc8aa00000) (1024K)]
  0x0000023c29391490 WorkerThread "G1 Conc#0"                       [id=102568, stack(0x000000cc8aa00000,0x000000cc8ab00000) (1024K)]
  0x0000023c4acfaa20 ConcurrentGCThread "G1 Refine#0"               [id=106516, stack(0x000000cc8ab00000,0x000000cc8ac00000) (1024K)]
  0x0000023c4acfb590 ConcurrentGCThread "G1 Service"                [id=106268, stack(0x000000cc8ac00000,0x000000cc8ad00000) (1024K)]
Total: 7

Threads with active compile tasks:
C2 CompilerThread0      562  772       4       java.io.DataInputStream::readUTF (501 bytes)
C2 CompilerThread1      562  774       4       java.io.DataInputStream::readFully (59 bytes)
Total: 2

VM state: not at safepoint (normal execution)

VM Mutex/Monitor currently owned by a thread:  ([mutex/lock_event])
[0x00007ffd9e110d28] Metaspace_lock - owner thread: 0x0000023c2901c0f0

Heap address: 0x0000000704e00000, size: 4018 MB, Compressed Oops mode: Zero based, Oop shift amount: 3

CDS archive(s) mapped at: [0x0000023c4b000000-0x0000023c4bc90000-0x0000023c4bc90000), size 13172736, SharedBaseAddress: 0x0000023c4b000000, ArchiveRelocationMode: 1.
Compressed class space mapped at: 0x0000023c4c000000-0x0000023c8c000000, reserved size: 1073741824
Narrow klass base: 0x0000023c4b000000, Narrow klass shift: 0, Narrow klass range: 0x100000000

GC Precious Log:
 CardTable entry size: 512
 Card Set container configuration: InlinePtr #cards 4 size 8 Array Of Cards #cards 16 size 48 Howl #buckets 8 coarsen threshold 3686 Howl Bitmap #cards 512 size 80 coarsen threshold 460 Card regions per heap region 1 cards per card region 4096
 CPUs: 16 total, 16 available
 Memory: 16071M
 Large Page Support: Disabled
 NUMA Support: Disabled
 Compressed Oops: Enabled (Zero based)
 Heap Region Size: 2M
 Heap Min Capacity: 8M
 Heap Initial Capacity: 252M
 Heap Max Capacity: 4018M
 Pre-touch: Disabled
 Parallel Workers: 13
 Concurrent Workers: 3
 Concurrent Refinement Workers: 13
 Periodic GC: Disabled

Heap:
 garbage-first heap   total 258048K, used 10240K [0x0000000704e00000, 0x0000000800000000)
  region size 2048K, 7 young (14336K), 0 survivors (0K)
 Metaspace       used 2860K, committed 3008K, reserved 1114112K
  class space    used 269K, committed 384K, reserved 1048576K

Heap Regions: E=young(eden), S=young(survivor), O=old, HS=humongous(starts), HC=humongous(continues), CS=collection set, F=free, TAMS=top-at-mark-start, PB=parsable bottom
|   0|0x0000000704e00000, 0x0000000704e00000, 0x0000000705000000|  0%| F|  |TAMS 0x0000000704e00000| PB 0x0000000704e00000| Untracked 
|   1|0x0000000705000000, 0x0000000705000000, 0x0000000705200000|  0%| F|  |TAMS 0x0000000705000000| PB 0x0000000705000000| Untracked 
|   2|0x0000000705200000, 0x0000000705200000, 0x0000000705400000|  0%| F|  |TAMS 0x0000000705200000| PB 0x0000000705200000| Untracked 
|   3|0x0000000705400000, 0x0000000705400000, 0x0000000705600000|  0%| F|  |TAMS 0x0000000705400000| PB 0x0000000705400000| Untracked 
|   4|0x0000000705600000, 0x0000000705600000, 0x0000000705800000|  0%| F|  |TAMS 0x0000000705600000| PB 0x0000000705600000| Untracked 
|   5|0x0000000705800000, 0x0000000705800000, 0x0000000705a00000|  0%| F|  |TAMS 0x0000000705800000| PB 0x0000000705800000| Untracked 
|   6|0x0000000705a00000, 0x0000000705a00000, 0x0000000705c00000|  0%| F|  |TAMS 0x0000000705a00000| PB 0x0000000705a00000| Untracked 
|   7|0x0000000705c00000, 0x0000000705c00000, 0x0000000705e00000|  0%| F|  |TAMS 0x0000000705c00000| PB 0x0000000705c00000| Untracked 
|   8|0x0000000705e00000, 0x0000000705e00000, 0x0000000706000000|  0%| F|  |TAMS 0x0000000705e00000| PB 0x0000000705e00000| Untracked 
|   9|0x0000000706000000, 0x0000000706000000, 0x0000000706200000|  0%| F|  |TAMS 0x0000000706000000| PB 0x0000000706000000| Untracked 
|  10|0x0000000706200000, 0x0000000706200000, 0x0000000706400000|  0%| F|  |TAMS 0x0000000706200000| PB 0x0000000706200000| Untracked 
|  11|0x0000000706400000, 0x0000000706400000, 0x0000000706600000|  0%| F|  |TAMS 0x0000000706400000| PB 0x0000000706400000| Untracked 
|  12|0x0000000706600000, 0x0000000706600000, 0x0000000706800000|  0%| F|  |TAMS 0x0000000706600000| PB 0x0000000706600000| Untracked 
|  13|0x0000000706800000, 0x0000000706800000, 0x0000000706a00000|  0%| F|  |TAMS 0x0000000706800000| PB 0x0000000706800000| Untracked 
|  14|0x0000000706a00000, 0x0000000706a00000, 0x0000000706c00000|  0%| F|  |TAMS 0x0000000706a00000| PB 0x0000000706a00000| Untracked 
|  15|0x0000000706c00000, 0x0000000706c00000, 0x0000000706e00000|  0%| F|  |TAMS 0x0000000706c00000| PB 0x0000000706c00000| Untracked 
|  16|0x0000000706e00000, 0x0000000706e00000, 0x0000000707000000|  0%| F|  |TAMS 0x0000000706e00000| PB 0x0000000706e00000| Untracked 
|  17|0x0000000707000000, 0x0000000707000000, 0x0000000707200000|  0%| F|  |TAMS 0x0000000707000000| PB 0x0000000707000000| Untracked 
|  18|0x0000000707200000, 0x0000000707200000, 0x0000000707400000|  0%| F|  |TAMS 0x0000000707200000| PB 0x0000000707200000| Untracked 
|  19|0x0000000707400000, 0x0000000707400000, 0x0000000707600000|  0%| F|  |TAMS 0x0000000707400000| PB 0x0000000707400000| Untracked 
|  20|0x0000000707600000, 0x0000000707600000, 0x0000000707800000|  0%| F|  |TAMS 0x0000000707600000| PB 0x0000000707600000| Untracked 
|  21|0x0000000707800000, 0x0000000707800000, 0x0000000707a00000|  0%| F|  |TAMS 0x0000000707800000| PB 0x0000000707800000| Untracked 
|  22|0x0000000707a00000, 0x0000000707a00000, 0x0000000707c00000|  0%| F|  |TAMS 0x0000000707a00000| PB 0x0000000707a00000| Untracked 
|  23|0x0000000707c00000, 0x0000000707c00000, 0x0000000707e00000|  0%| F|  |TAMS 0x0000000707c00000| PB 0x0000000707c00000| Untracked 
|  24|0x0000000707e00000, 0x0000000707e00000, 0x0000000708000000|  0%| F|  |TAMS 0x0000000707e00000| PB 0x0000000707e00000| Untracked 
|  25|0x0000000708000000, 0x0000000708000000, 0x0000000708200000|  0%| F|  |TAMS 0x0000000708000000| PB 0x0000000708000000| Untracked 
|  26|0x0000000708200000, 0x0000000708200000, 0x0000000708400000|  0%| F|  |TAMS 0x0000000708200000| PB 0x0000000708200000| Untracked 
|  27|0x0000000708400000, 0x0000000708400000, 0x0000000708600000|  0%| F|  |TAMS 0x0000000708400000| PB 0x0000000708400000| Untracked 
|  28|0x0000000708600000, 0x0000000708600000, 0x0000000708800000|  0%| F|  |TAMS 0x0000000708600000| PB 0x0000000708600000| Untracked 
|  29|0x0000000708800000, 0x0000000708800000, 0x0000000708a00000|  0%| F|  |TAMS 0x0000000708800000| PB 0x0000000708800000| Untracked 
|  30|0x0000000708a00000, 0x0000000708a00000, 0x0000000708c00000|  0%| F|  |TAMS 0x0000000708a00000| PB 0x0000000708a00000| Untracked 
|  31|0x0000000708c00000, 0x0000000708c00000, 0x0000000708e00000|  0%| F|  |TAMS 0x0000000708c00000| PB 0x0000000708c00000| Untracked 
|  32|0x0000000708e00000, 0x0000000708e00000, 0x0000000709000000|  0%| F|  |TAMS 0x0000000708e00000| PB 0x0000000708e00000| Untracked 
|  33|0x0000000709000000, 0x0000000709000000, 0x0000000709200000|  0%| F|  |TAMS 0x0000000709000000| PB 0x0000000709000000| Untracked 
|  34|0x0000000709200000, 0x0000000709200000, 0x0000000709400000|  0%| F|  |TAMS 0x0000000709200000| PB 0x0000000709200000| Untracked 
|  35|0x0000000709400000, 0x0000000709400000, 0x0000000709600000|  0%| F|  |TAMS 0x0000000709400000| PB 0x0000000709400000| Untracked 
|  36|0x0000000709600000, 0x0000000709600000, 0x0000000709800000|  0%| F|  |TAMS 0x0000000709600000| PB 0x0000000709600000| Untracked 
|  37|0x0000000709800000, 0x0000000709800000, 0x0000000709a00000|  0%| F|  |TAMS 0x0000000709800000| PB 0x0000000709800000| Untracked 
|  38|0x0000000709a00000, 0x0000000709a00000, 0x0000000709c00000|  0%| F|  |TAMS 0x0000000709a00000| PB 0x0000000709a00000| Untracked 
|  39|0x0000000709c00000, 0x0000000709c00000, 0x0000000709e00000|  0%| F|  |TAMS 0x0000000709c00000| PB 0x0000000709c00000| Untracked 
|  40|0x0000000709e00000, 0x0000000709e00000, 0x000000070a000000|  0%| F|  |TAMS 0x0000000709e00000| PB 0x0000000709e00000| Untracked 
|  41|0x000000070a000000, 0x000000070a000000, 0x000000070a200000|  0%| F|  |TAMS 0x000000070a000000| PB 0x000000070a000000| Untracked 
|  42|0x000000070a200000, 0x000000070a200000, 0x000000070a400000|  0%| F|  |TAMS 0x000000070a200000| PB 0x000000070a200000| Untracked 
|  43|0x000000070a400000, 0x000000070a400000, 0x000000070a600000|  0%| F|  |TAMS 0x000000070a400000| PB 0x000000070a400000| Untracked 
|  44|0x000000070a600000, 0x000000070a600000, 0x000000070a800000|  0%| F|  |TAMS 0x000000070a600000| PB 0x000000070a600000| Untracked 
|  45|0x000000070a800000, 0x000000070a800000, 0x000000070aa00000|  0%| F|  |TAMS 0x000000070a800000| PB 0x000000070a800000| Untracked 
|  46|0x000000070aa00000, 0x000000070aa00000, 0x000000070ac00000|  0%| F|  |TAMS 0x000000070aa00000| PB 0x000000070aa00000| Untracked 
|  47|0x000000070ac00000, 0x000000070ac00000, 0x000000070ae00000|  0%| F|  |TAMS 0x000000070ac00000| PB 0x000000070ac00000| Untracked 
|  48|0x000000070ae00000, 0x000000070ae00000, 0x000000070b000000|  0%| F|  |TAMS 0x000000070ae00000| PB 0x000000070ae00000| Untracked 
|  49|0x000000070b000000, 0x000000070b000000, 0x000000070b200000|  0%| F|  |TAMS 0x000000070b000000| PB 0x000000070b000000| Untracked 
|  50|0x000000070b200000, 0x000000070b200000, 0x000000070b400000|  0%| F|  |TAMS 0x000000070b200000| PB 0x000000070b200000| Untracked 
|  51|0x000000070b400000, 0x000000070b400000, 0x000000070b600000|  0%| F|  |TAMS 0x000000070b400000| PB 0x000000070b400000| Untracked 
|  52|0x000000070b600000, 0x000000070b600000, 0x000000070b800000|  0%| F|  |TAMS 0x000000070b600000| PB 0x000000070b600000| Untracked 
|  53|0x000000070b800000, 0x000000070b800000, 0x000000070ba00000|  0%| F|  |TAMS 0x000000070b800000| PB 0x000000070b800000| Untracked 
|  54|0x000000070ba00000, 0x000000070ba00000, 0x000000070bc00000|  0%| F|  |TAMS 0x000000070ba00000| PB 0x000000070ba00000| Untracked 
|  55|0x000000070bc00000, 0x000000070bc00000, 0x000000070be00000|  0%| F|  |TAMS 0x000000070bc00000| PB 0x000000070bc00000| Untracked 
|  56|0x000000070be00000, 0x000000070be00000, 0x000000070c000000|  0%| F|  |TAMS 0x000000070be00000| PB 0x000000070be00000| Untracked 
|  57|0x000000070c000000, 0x000000070c000000, 0x000000070c200000|  0%| F|  |TAMS 0x000000070c000000| PB 0x000000070c000000| Untracked 
|  58|0x000000070c200000, 0x000000070c200000, 0x000000070c400000|  0%| F|  |TAMS 0x000000070c200000| PB 0x000000070c200000| Untracked 
|  59|0x000000070c400000, 0x000000070c400000, 0x000000070c600000|  0%| F|  |TAMS 0x000000070c400000| PB 0x000000070c400000| Untracked 
|  60|0x000000070c600000, 0x000000070c600000, 0x000000070c800000|  0%| F|  |TAMS 0x000000070c600000| PB 0x000000070c600000| Untracked 
|  61|0x000000070c800000, 0x000000070c800000, 0x000000070ca00000|  0%| F|  |TAMS 0x000000070c800000| PB 0x000000070c800000| Untracked 
|  62|0x000000070ca00000, 0x000000070ca00000, 0x000000070cc00000|  0%| F|  |TAMS 0x000000070ca00000| PB 0x000000070ca00000| Untracked 
|  63|0x000000070cc00000, 0x000000070cc00000, 0x000000070ce00000|  0%| F|  |TAMS 0x000000070cc00000| PB 0x000000070cc00000| Untracked 
|  64|0x000000070ce00000, 0x000000070ce00000, 0x000000070d000000|  0%| F|  |TAMS 0x000000070ce00000| PB 0x000000070ce00000| Untracked 
|  65|0x000000070d000000, 0x000000070d000000, 0x000000070d200000|  0%| F|  |TAMS 0x000000070d000000| PB 0x000000070d000000| Untracked 
|  66|0x000000070d200000, 0x000000070d200000, 0x000000070d400000|  0%| F|  |TAMS 0x000000070d200000| PB 0x000000070d200000| Untracked 
|  67|0x000000070d400000, 0x000000070d400000, 0x000000070d600000|  0%| F|  |TAMS 0x000000070d400000| PB 0x000000070d400000| Untracked 
|  68|0x000000070d600000, 0x000000070d600000, 0x000000070d800000|  0%| F|  |TAMS 0x000000070d600000| PB 0x000000070d600000| Untracked 
|  69|0x000000070d800000, 0x000000070d800000, 0x000000070da00000|  0%| F|  |TAMS 0x000000070d800000| PB 0x000000070d800000| Untracked 
|  70|0x000000070da00000, 0x000000070da00000, 0x000000070dc00000|  0%| F|  |TAMS 0x000000070da00000| PB 0x000000070da00000| Untracked 
|  71|0x000000070dc00000, 0x000000070dc00000, 0x000000070de00000|  0%| F|  |TAMS 0x000000070dc00000| PB 0x000000070dc00000| Untracked 
|  72|0x000000070de00000, 0x000000070de00000, 0x000000070e000000|  0%| F|  |TAMS 0x000000070de00000| PB 0x000000070de00000| Untracked 
|  73|0x000000070e000000, 0x000000070e000000, 0x000000070e200000|  0%| F|  |TAMS 0x000000070e000000| PB 0x000000070e000000| Untracked 
|  74|0x000000070e200000, 0x000000070e200000, 0x000000070e400000|  0%| F|  |TAMS 0x000000070e200000| PB 0x000000070e200000| Untracked 
|  75|0x000000070e400000, 0x000000070e400000, 0x000000070e600000|  0%| F|  |TAMS 0x000000070e400000| PB 0x000000070e400000| Untracked 
|  76|0x000000070e600000, 0x000000070e600000, 0x000000070e800000|  0%| F|  |TAMS 0x000000070e600000| PB 0x000000070e600000| Untracked 
|  77|0x000000070e800000, 0x000000070e800000, 0x000000070ea00000|  0%| F|  |TAMS 0x000000070e800000| PB 0x000000070e800000| Untracked 
|  78|0x000000070ea00000, 0x000000070ea00000, 0x000000070ec00000|  0%| F|  |TAMS 0x000000070ea00000| PB 0x000000070ea00000| Untracked 
|  79|0x000000070ec00000, 0x000000070ec00000, 0x000000070ee00000|  0%| F|  |TAMS 0x000000070ec00000| PB 0x000000070ec00000| Untracked 
|  80|0x000000070ee00000, 0x000000070ee00000, 0x000000070f000000|  0%| F|  |TAMS 0x000000070ee00000| PB 0x000000070ee00000| Untracked 
|  81|0x000000070f000000, 0x000000070f000000, 0x000000070f200000|  0%| F|  |TAMS 0x000000070f000000| PB 0x000000070f000000| Untracked 
|  82|0x000000070f200000, 0x000000070f200000, 0x000000070f400000|  0%| F|  |TAMS 0x000000070f200000| PB 0x000000070f200000| Untracked 
|  83|0x000000070f400000, 0x000000070f400000, 0x000000070f600000|  0%| F|  |TAMS 0x000000070f400000| PB 0x000000070f400000| Untracked 
|  84|0x000000070f600000, 0x000000070f600000, 0x000000070f800000|  0%| F|  |TAMS 0x000000070f600000| PB 0x000000070f600000| Untracked 
|  85|0x000000070f800000, 0x000000070f800000, 0x000000070fa00000|  0%| F|  |TAMS 0x000000070f800000| PB 0x000000070f800000| Untracked 
|  86|0x000000070fa00000, 0x000000070fa00000, 0x000000070fc00000|  0%| F|  |TAMS 0x000000070fa00000| PB 0x000000070fa00000| Untracked 
|  87|0x000000070fc00000, 0x000000070fc00000, 0x000000070fe00000|  0%| F|  |TAMS 0x000000070fc00000| PB 0x000000070fc00000| Untracked 
|  88|0x000000070fe00000, 0x000000070fe00000, 0x0000000710000000|  0%| F|  |TAMS 0x000000070fe00000| PB 0x000000070fe00000| Untracked 
|  89|0x0000000710000000, 0x0000000710000000, 0x0000000710200000|  0%| F|  |TAMS 0x0000000710000000| PB 0x0000000710000000| Untracked 
|  90|0x0000000710200000, 0x0000000710200000, 0x0000000710400000|  0%| F|  |TAMS 0x0000000710200000| PB 0x0000000710200000| Untracked 
|  91|0x0000000710400000, 0x0000000710400000, 0x0000000710600000|  0%| F|  |TAMS 0x0000000710400000| PB 0x0000000710400000| Untracked 
|  92|0x0000000710600000, 0x0000000710600000, 0x0000000710800000|  0%| F|  |TAMS 0x0000000710600000| PB 0x0000000710600000| Untracked 
|  93|0x0000000710800000, 0x0000000710800000, 0x0000000710a00000|  0%| F|  |TAMS 0x0000000710800000| PB 0x0000000710800000| Untracked 
|  94|0x0000000710a00000, 0x0000000710a00000, 0x0000000710c00000|  0%| F|  |TAMS 0x0000000710a00000| PB 0x0000000710a00000| Untracked 
|  95|0x0000000710c00000, 0x0000000710c00000, 0x0000000710e00000|  0%| F|  |TAMS 0x0000000710c00000| PB 0x0000000710c00000| Untracked 
|  96|0x0000000710e00000, 0x0000000710e00000, 0x0000000711000000|  0%| F|  |TAMS 0x0000000710e00000| PB 0x0000000710e00000| Untracked 
|  97|0x0000000711000000, 0x0000000711000000, 0x0000000711200000|  0%| F|  |TAMS 0x0000000711000000| PB 0x0000000711000000| Untracked 
|  98|0x0000000711200000, 0x0000000711200000, 0x0000000711400000|  0%| F|  |TAMS 0x0000000711200000| PB 0x0000000711200000| Untracked 
|  99|0x0000000711400000, 0x0000000711400000, 0x0000000711600000|  0%| F|  |TAMS 0x0000000711400000| PB 0x0000000711400000| Untracked 
| 100|0x0000000711600000, 0x0000000711600000, 0x0000000711800000|  0%| F|  |TAMS 0x0000000711600000| PB 0x0000000711600000| Untracked 
| 101|0x0000000711800000, 0x0000000711800000, 0x0000000711a00000|  0%| F|  |TAMS 0x0000000711800000| PB 0x0000000711800000| Untracked 
| 102|0x0000000711a00000, 0x0000000711a00000, 0x0000000711c00000|  0%| F|  |TAMS 0x0000000711a00000| PB 0x0000000711a00000| Untracked 
| 103|0x0000000711c00000, 0x0000000711c00000, 0x0000000711e00000|  0%| F|  |TAMS 0x0000000711c00000| PB 0x0000000711c00000| Untracked 
| 104|0x0000000711e00000, 0x0000000711e00000, 0x0000000712000000|  0%| F|  |TAMS 0x0000000711e00000| PB 0x0000000711e00000| Untracked 
| 105|0x0000000712000000, 0x0000000712000000, 0x0000000712200000|  0%| F|  |TAMS 0x0000000712000000| PB 0x0000000712000000| Untracked 
| 106|0x0000000712200000, 0x0000000712200000, 0x0000000712400000|  0%| F|  |TAMS 0x0000000712200000| PB 0x0000000712200000| Untracked 
| 107|0x0000000712400000, 0x0000000712400000, 0x0000000712600000|  0%| F|  |TAMS 0x0000000712400000| PB 0x0000000712400000| Untracked 
| 108|0x0000000712600000, 0x0000000712600000, 0x0000000712800000|  0%| F|  |TAMS 0x0000000712600000| PB 0x0000000712600000| Untracked 
| 109|0x0000000712800000, 0x0000000712800000, 0x0000000712a00000|  0%| F|  |TAMS 0x0000000712800000| PB 0x0000000712800000| Untracked 
| 110|0x0000000712a00000, 0x0000000712a00000, 0x0000000712c00000|  0%| F|  |TAMS 0x0000000712a00000| PB 0x0000000712a00000| Untracked 
| 111|0x0000000712c00000, 0x0000000712c00000, 0x0000000712e00000|  0%| F|  |TAMS 0x0000000712c00000| PB 0x0000000712c00000| Untracked 
| 112|0x0000000712e00000, 0x0000000712e00000, 0x0000000713000000|  0%| F|  |TAMS 0x0000000712e00000| PB 0x0000000712e00000| Untracked 
| 113|0x0000000713000000, 0x0000000713000000, 0x0000000713200000|  0%| F|  |TAMS 0x0000000713000000| PB 0x0000000713000000| Untracked 
| 114|0x0000000713200000, 0x0000000713200000, 0x0000000713400000|  0%| F|  |TAMS 0x0000000713200000| PB 0x0000000713200000| Untracked 
| 115|0x0000000713400000, 0x0000000713400000, 0x0000000713600000|  0%| F|  |TAMS 0x0000000713400000| PB 0x0000000713400000| Untracked 
| 116|0x0000000713600000, 0x0000000713600000, 0x0000000713800000|  0%| F|  |TAMS 0x0000000713600000| PB 0x0000000713600000| Untracked 
| 117|0x0000000713800000, 0x0000000713800000, 0x0000000713a00000|  0%| F|  |TAMS 0x0000000713800000| PB 0x0000000713800000| Untracked 
| 118|0x0000000713a00000, 0x0000000713a00000, 0x0000000713c00000|  0%| F|  |TAMS 0x0000000713a00000| PB 0x0000000713a00000| Untracked 
| 119|0x0000000713c00000, 0x0000000713ce1cb0, 0x0000000713e00000| 44%| E|  |TAMS 0x0000000713c00000| PB 0x0000000713c00000| Complete 
| 120|0x0000000713e00000, 0x0000000714000000, 0x0000000714000000|100%| E|CS|TAMS 0x0000000713e00000| PB 0x0000000713e00000| Complete 
| 121|0x0000000714000000, 0x0000000714200000, 0x0000000714200000|100%| E|CS|TAMS 0x0000000714000000| PB 0x0000000714000000| Complete 
| 122|0x0000000714200000, 0x0000000714400000, 0x0000000714400000|100%| E|CS|TAMS 0x0000000714200000| PB 0x0000000714200000| Complete 
| 123|0x0000000714400000, 0x0000000714600000, 0x0000000714600000|100%| E|CS|TAMS 0x0000000714400000| PB 0x0000000714400000| Complete 
| 124|0x0000000714600000, 0x0000000714800000, 0x0000000714800000|100%| E|  |TAMS 0x0000000714600000| PB 0x0000000714600000| Complete 
| 125|0x0000000714800000, 0x0000000714a00000, 0x0000000714a00000|100%| E|CS|TAMS 0x0000000714800000| PB 0x0000000714800000| Complete 

Card table byte_map: [0x0000023c43710000,0x0000023c43ef0000] _byte_map_base: 0x0000023c3fee9000

Marking Bits: (CMBitMap*) 0x0000023c2937fc50
 Bits: [0x0000023c43ef0000, 0x0000023c47db8000)

Polling page: 0x0000023c293d0000

Metaspace:

Usage:
  Non-class:      2.53 MB used.
      Class:    269.66 KB used.
       Both:      2.79 MB used.

Virtual space:
  Non-class space:       64.00 MB reserved,       2.56 MB (  4%) committed,  1 nodes.
      Class space:        1.00 GB reserved,     384.00 KB ( <1%) committed,  1 nodes.
             Both:        1.06 GB reserved,       2.94 MB ( <1%) committed. 

Chunk freelists:
   Non-Class:  11.17 MB
       Class:  15.59 MB
        Both:  26.77 MB

MaxMetaspaceSize: unlimited
CompressedClassSpaceSize: 1.00 GB
Initial GC threshold: 21.00 MB
Current GC threshold: 21.00 MB
CDS: on
 - commit_granule_bytes: 65536.
 - commit_granule_words: 8192.
 - virtual_space_node_default_size: 8388608.
 - enlarge_chunks_in_place: 1.
 - use_allocation_guard: 0.


Internal statistics:

num_allocs_failed_limit: 0.
num_arena_births: 88.
num_arena_deaths: 0.
num_vsnodes_births: 2.
num_vsnodes_deaths: 0.
num_space_committed: 47.
num_space_uncommitted: 0.
num_chunks_returned_to_freelist: 0.
num_chunks_taken_from_freelist: 162.
num_chunk_merges: 0.
num_chunk_splits: 94.
num_chunks_enlarged: 35.
num_inconsistent_stats: 0.

CodeHeap 'non-profiled nmethods': size=119168Kb used=250Kb max_used=250Kb free=118917Kb
 bounds [0x0000023c3ab00000, 0x0000023c3ad70000, 0x0000023c41f60000]
CodeHeap 'profiled nmethods': size=119104Kb used=1337Kb max_used=1337Kb free=117766Kb
 bounds [0x0000023c32f60000, 0x0000023c331d0000, 0x0000023c3a3b0000]
CodeHeap 'non-nmethods': size=7488Kb used=2479Kb max_used=2479Kb free=5008Kb
 bounds [0x0000023c3a3b0000, 0x0000023c3a620000, 0x0000023c3ab00000]
 total_blobs=1263 nmethods=802 adapters=364
 compilation: enabled
              stopped_count=0, restarted_count=0
 full_count=0

Compilation events (20 events):
Event: 0.533 Thread 0x0000023c90072570  781       3       java.util.concurrent.ConcurrentHashMap$KeyIterator::next (34 bytes)
Event: 0.533 Thread 0x0000023c900211e0  782       3       jdk.internal.jimage.ImageStringsReader::hashCode (8 bytes)
Event: 0.533 Thread 0x0000023c90072570 nmethod 781 0x0000023c3309ce90 code [0x0000023c3309d060, 0x0000023c3309d2d8]
Event: 0.533 Thread 0x0000023c90072570  784       3       jdk.internal.jimage.ImageStringsReader::match (11 bytes)
Event: 0.533 Thread 0x0000023c90070a30  786       3       jdk.internal.jimage.ImageStringsReader::stringFromByteBufferMatches (138 bytes)
Event: 0.533 Thread 0x0000023c900211e0 nmethod 782 0x0000023c3309d410 code [0x0000023c3309d5c0, 0x0000023c3309d780]
Event: 0.533 Thread 0x0000023c90072570 nmethod 784 0x0000023c3309d890 code [0x0000023c3309da40, 0x0000023c3309dc10]
Event: 0.533 Thread 0x0000023c90072570  787       3       jdk.internal.jimage.ImageLocation::verifyName (161 bytes)
Event: 0.533 Thread 0x0000023c900211e0  785       3       jdk.internal.jimage.BasicImageReader::match (37 bytes)
Event: 0.533 Thread 0x0000023c900211e0 nmethod 785 0x0000023c3309dd10 code [0x0000023c3309dee0, 0x0000023c3309e198]
Event: 0.534 Thread 0x0000023c90072570 nmethod 787 0x0000023c3309e310 code [0x0000023c3309e660, 0x0000023c3309fc38]
Event: 0.534 Thread 0x0000023c90070a30 nmethod 786 0x0000023c330a0590 code [0x0000023c330a0880, 0x0000023c330a19b8]
Event: 0.537 Thread 0x0000023c90070a30  788       3       java.lang.reflect.Modifier::isPublic (12 bytes)
Event: 0.537 Thread 0x0000023c90070a30 nmethod 788 0x0000023c330a2090 code [0x0000023c330a2220, 0x0000023c330a2368]
Event: 0.538 Thread 0x0000023c90070a30  790       3       java.lang.invoke.MemberName$Factory::resolveOrFail (79 bytes)
Event: 0.539 Thread 0x0000023c90070a30 nmethod 790 0x0000023c330a2410 code [0x0000023c330a2620, 0x0000023c330a2d00]
Event: 0.541 Thread 0x0000023c90070a30  794       3       sun.invoke.util.BytecodeDescriptor::unparseSig (49 bytes)
Event: 0.541 Thread 0x0000023c90070a30 nmethod 794 0x0000023c330a2f90 code [0x0000023c330a31c0, 0x0000023c330a3638]
Event: 0.541 Thread 0x0000023c90070a30  796   !   3       java.lang.invoke.MemberName::getFieldType (176 bytes)
Event: 0.542 Thread 0x0000023c90070a30 nmethod 796 0x0000023c330a3890 code [0x0000023c330a3ba0, 0x0000023c330a4ed0]

GC Heap History (0 events):
No events

Dll operation events (10 events):
Event: 0.020 Loaded shared library C:\Program Files\Java\jdk-21\bin\java.dll
Event: 0.065 Loaded shared library C:\Program Files\Java\jdk-21\bin\jsvml.dll
Event: 0.137 Loaded shared library C:\Program Files\Java\jdk-21\bin\zip.dll
Event: 0.143 Loaded shared library C:\Program Files\Java\jdk-21\bin\instrument.dll
Event: 0.150 Loaded shared library C:\Program Files\Java\jdk-21\bin\net.dll
Event: 0.151 Loaded shared library C:\Program Files\Java\jdk-21\bin\nio.dll
Event: 0.154 Loaded shared library C:\Program Files\Java\jdk-21\bin\zip.dll
Event: 0.325 Loaded shared library C:\Program Files\JetBrains\IntelliJ IDEA Community Edition 2024.3\bin\breakgen64.dll
Event: 0.336 Loaded shared library C:\Program Files\Java\jdk-21\bin\extnet.dll
Event: 0.397 Loaded shared library C:\Program Files\Java\jdk-21\bin\jimage.dll

Deoptimization events (20 events):
Event: 0.327 Thread 0x0000023c2901c0f0 Uncommon trap: trap_request=0xffffff45 fr.pc=0x0000023c3ab04c8c relative=0x000000000000006c
Event: 0.327 Thread 0x0000023c2901c0f0 Uncommon trap: reason=unstable_if action=reinterpret pc=0x0000023c3ab04c8c method=java.lang.String.isLatin1()Z @ 10 c2
Event: 0.327 Thread 0x0000023c2901c0f0 DEOPT PACKING pc=0x0000023c3ab04c8c sp=0x000000cc8a7fe540
Event: 0.327 Thread 0x0000023c2901c0f0 DEOPT UNPACKING pc=0x0000023c3a4046a2 sp=0x000000cc8a7fe4d0 mode 2
Event: 0.327 Thread 0x0000023c2901c0f0 Uncommon trap: trap_request=0xffffff45 fr.pc=0x0000023c3ab016e4 relative=0x00000000000000c4
Event: 0.327 Thread 0x0000023c2901c0f0 Uncommon trap: reason=unstable_if action=reinterpret pc=0x0000023c3ab016e4 method=java.lang.String.isLatin1()Z @ 10 c2
Event: 0.327 Thread 0x0000023c2901c0f0 DEOPT PACKING pc=0x0000023c3ab016e4 sp=0x000000cc8a7fefb0
Event: 0.327 Thread 0x0000023c2901c0f0 DEOPT UNPACKING pc=0x0000023c3a4046a2 sp=0x000000cc8a7feef0 mode 2
Event: 0.374 Thread 0x0000023c2901c0f0 DEOPT PACKING pc=0x0000023c32fb9e00 sp=0x000000cc8a7fc7c0
Event: 0.374 Thread 0x0000023c2901c0f0 DEOPT UNPACKING pc=0x0000023c3a404e42 sp=0x000000cc8a7fbd80 mode 0
Event: 0.402 Thread 0x0000023c2901c0f0 Uncommon trap: trap_request=0xffffff45 fr.pc=0x0000023c3ab18190 relative=0x0000000000000070
Event: 0.402 Thread 0x0000023c2901c0f0 Uncommon trap: reason=unstable_if action=reinterpret pc=0x0000023c3ab18190 method=java.io.WinNTFileSystem.isSlash(C)Z @ 9 c2
Event: 0.402 Thread 0x0000023c2901c0f0 DEOPT PACKING pc=0x0000023c3ab18190 sp=0x000000cc8a7fdd80
Event: 0.402 Thread 0x0000023c2901c0f0 DEOPT UNPACKING pc=0x0000023c3a4046a2 sp=0x000000cc8a7fdd08 mode 2
Event: 0.455 Thread 0x0000023c2901c0f0 Uncommon trap: trap_request=0xffffff6e fr.pc=0x0000023c3ab27b84 relative=0x0000000000000164
Event: 0.455 Thread 0x0000023c2901c0f0 Uncommon trap: reason=loop_limit_check action=maybe_recompile pc=0x0000023c3ab27b84 method=java.lang.StringLatin1.lastIndexOf([BII)I @ 19 c2
Event: 0.455 Thread 0x0000023c2901c0f0 DEOPT PACKING pc=0x0000023c3ab27b84 sp=0x000000cc8a7fcdc0
Event: 0.455 Thread 0x0000023c2901c0f0 DEOPT UNPACKING pc=0x0000023c3a4046a2 sp=0x000000cc8a7fcd40 mode 2
Event: 0.506 Thread 0x0000023c2901c0f0 DEOPT PACKING pc=0x0000023c32fe8777 sp=0x000000cc8a7fb990
Event: 0.506 Thread 0x0000023c2901c0f0 DEOPT UNPACKING pc=0x0000023c3a404e42 sp=0x000000cc8a7fade0 mode 0

Classes loaded (20 events):
Event: 0.528 Loading class sun/util/calendar/ZoneInfoFile$Checksum
Event: 0.528 Loading class sun/util/calendar/ZoneInfoFile$Checksum done
Event: 0.528 Loading class java/time/zone/ZoneRulesProvider
Event: 0.528 Loading class java/time/zone/ZoneRulesProvider done
Event: 0.528 Loading class java/time/zone/ZoneRulesProvider$1
Event: 0.528 Loading class java/time/zone/ZoneRulesProvider$1 done
Event: 0.528 Loading class java/time/zone/TzdbZoneRulesProvider
Event: 0.528 Loading class java/time/zone/TzdbZoneRulesProvider done
Event: 0.532 Loading class java/util/Arrays$ArrayItr
Event: 0.532 Loading class java/util/Arrays$ArrayItr done
Event: 0.533 Loading class java/time/zone/Ser
Event: 0.533 Loading class java/io/Externalizable
Event: 0.533 Loading class java/io/Externalizable done
Event: 0.534 Loading class java/time/zone/Ser done
Event: 0.534 Loading class java/time/zone/ZoneOffsetTransition
Event: 0.534 Loading class java/time/zone/ZoneOffsetTransition done
Event: 0.541 Loading class java/util/concurrent/atomic/AtomicReference
Event: 0.541 Loading class java/util/concurrent/atomic/AtomicReference done
Event: 0.547 Loading class java/lang/NumberFormatException
Event: 0.547 Loading class java/lang/NumberFormatException done

Classes unloaded (0 events):
No events

Classes redefined (0 events):
No events

Internal exceptions (7 events):
Event: 0.314 Thread 0x0000023c2901c0f0 Exception <a 'java/lang/NoSuchMethodError'{0x000000071400e708}: 'void java.lang.invoke.DirectMethodHandle$Holder.invokeStatic(java.lang.Object, java.lang.Object, java.lang.Object)'> (0x000000071400e708) 
thrown [s\open\src\hotspot\share\interpreter\linkResolver.cpp, line 773]
Event: 0.318 Thread 0x0000023c2901c0f0 Exception <a 'java/lang/NoSuchMethodError'{0x0000000714025c10}: 'java.lang.Object java.lang.invoke.Invokers$Holder.invokeExact_MT(java.lang.Object, java.lang.Object, java.lang.Object, java.lang.Object, java.lang.Object)'> (0x0000000714025c10) 
thrown [s\open\src\hotspot\share\interpreter\linkResolver.cpp, line 773]
Event: 0.339 Thread 0x0000023c903fe660 Exception <a 'java/lang/NoSuchMethodError'{0x00000007140ef760}: 'void java.lang.invoke.DirectMethodHandle$Holder.invokeStatic(java.lang.Object, java.lang.Object)'> (0x00000007140ef760) 
thrown [s\open\src\hotspot\share\interpreter\linkResolver.cpp, line 773]
Event: 0.459 Thread 0x0000023c2901c0f0 Exception <a 'java/lang/ClassNotFoundException'{0x0000000713ef2570}: javax/smartcardio/CardPermission> (0x0000000713ef2570) 
thrown [s\open\src\hotspot\share\classfile\systemDictionary.cpp, line 312]
Event: 0.464 Thread 0x0000023c2901c0f0 Exception <a 'java/io/FileNotFoundException'{0x0000000713f00e30}> (0x0000000713f00e30) 
thrown [s\open\src\hotspot\share\prims\jni.cpp, line 520]
Event: 0.490 Thread 0x0000023c2901c0f0 Exception <a 'java/lang/NoSuchMethodError'{0x0000000713f8a810}: 'java.lang.Object java.lang.invoke.DirectMethodHandle$Holder.invokeSpecial(java.lang.Object, java.lang.Object, java.lang.Object, long, java.lang.Object)'> (0x0000000713f8a810) 
thrown [s\open\src\hotspot\share\interpreter\linkResolver.cpp, line 773]
Event: 0.490 Thread 0x0000023c2901c0f0 Exception <a 'java/lang/NoSuchMethodError'{0x0000000713f8e160}: 'java.lang.Object java.lang.invoke.Invokers$Holder.linkToTargetMethod(java.lang.Object, long, java.lang.Object, java.lang.Object)'> (0x0000000713f8e160) 
thrown [s\open\src\hotspot\share\interpreter\linkResolver.cpp, line 773]

ZGC Phase Switch (0 events):
No events

VM Operations (6 events):
Event: 0.122 Executing VM operation: HandshakeAllThreads (Deoptimize)
Event: 0.122 Executing VM operation: HandshakeAllThreads (Deoptimize) done
Event: 0.393 Executing VM operation: HandshakeAllThreads (Deoptimize)
Event: 0.393 Executing VM operation: HandshakeAllThreads (Deoptimize) done
Event: 0.401 Executing VM operation: HandshakeAllThreads (Deoptimize)
Event: 0.401 Executing VM operation: HandshakeAllThreads (Deoptimize) done

Events (17 events):
Event: 0.048 Thread 0x0000023c2901c0f0 Thread added: 0x0000023c2901c0f0
Event: 0.062 Thread 0x0000023c4ae5fc90 Thread added: 0x0000023c4ae5fc90
Event: 0.062 Thread 0x0000023c4ae60bb0 Thread added: 0x0000023c4ae60bb0
Event: 0.062 Thread 0x0000023c4ae63da0 Thread added: 0x0000023c4ae63da0
Event: 0.062 Thread 0x0000023c4ae66a40 Thread added: 0x0000023c4ae66a40
Event: 0.062 Thread 0x0000023c4ae674a0 Thread added: 0x0000023c4ae674a0
Event: 0.062 Thread 0x0000023c4ae68440 Thread added: 0x0000023c4ae68440
Event: 0.062 Thread 0x0000023c4ae6b9f0 Thread added: 0x0000023c4ae6b9f0
Event: 0.062 Thread 0x0000023c900211e0 Thread added: 0x0000023c900211e0
Event: 0.065 Thread 0x0000023c90072570 Thread added: 0x0000023c90072570
Event: 0.065 Thread 0x0000023c90070a30 Thread added: 0x0000023c90070a30
Event: 0.112 Thread 0x0000023c4ae2adb0 Thread added: 0x0000023c4ae2adb0
Event: 0.129 Thread 0x0000023c90071ea0 Thread added: 0x0000023c90071ea0
Event: 0.326 Thread 0x0000023c903fe660 Thread added: 0x0000023c903fe660
Event: 0.326 Thread 0x0000023c9039f130 Thread added: 0x0000023c9039f130
Event: 0.358 Thread 0x0000023c90071ea0 Thread exited: 0x0000023c90071ea0
Event: 0.451 Thread 0x0000023c900717d0 Thread added: 0x0000023c900717d0


Dynamic libraries:
0x00007ff6cc5e0000 - 0x00007ff6cc5f0000 	C:\Program Files\Java\jdk-21\bin\java.exe
0x00007ffe24450000 - 0x00007ffe24667000 	C:\Windows\SYSTEM32\ntdll.dll
0x00007ffe22df0000 - 0x00007ffe22eb4000 	C:\Windows\System32\KERNEL32.DLL
0x00007ffe21c70000 - 0x00007ffe2202a000 	C:\Windows\System32\KERNELBASE.dll
0x00007ffe21ad0000 - 0x00007ffe21be1000 	C:\Windows\System32\ucrtbase.dll
0x00007ffe13f70000 - 0x00007ffe13f8b000 	C:\Program Files\Java\jdk-21\bin\VCRUNTIME140.dll
0x00007ffe16100000 - 0x00007ffe16119000 	C:\Program Files\Java\jdk-21\bin\jli.dll
0x00007ffe22890000 - 0x00007ffe22942000 	C:\Windows\System32\ADVAPI32.dll
0x00007ffe24220000 - 0x00007ffe242c7000 	C:\Windows\System32\msvcrt.dll
0x00007ffe242d0000 - 0x00007ffe24377000 	C:\Windows\System32\sechost.dll
0x00007ffe21a00000 - 0x00007ffe21a28000 	C:\Windows\System32\bcrypt.dll
0x00007ffe240f0000 - 0x00007ffe24204000 	C:\Windows\System32\RPCRT4.dll
0x00007ffe23250000 - 0x00007ffe233fe000 	C:\Windows\System32\USER32.dll
0x00007ffe0da90000 - 0x00007ffe0dd22000 	C:\Windows\WinSxS\amd64_microsoft.windows.common-controls_6595b64144ccf1df_6.0.22621.4541_none_2710d1c57384c085\COMCTL32.dll
0x00007ffe226a0000 - 0x00007ffe226c9000 	C:\Windows\System32\GDI32.dll
0x00007ffe219d0000 - 0x00007ffe219f6000 	C:\Windows\System32\win32u.dll
0x00007ffe22030000 - 0x00007ffe2214b000 	C:\Windows\System32\gdi32full.dll
0x00007ffe21a30000 - 0x00007ffe21aca000 	C:\Windows\System32\msvcp_win.dll
0x00007ffe16620000 - 0x00007ffe1662a000 	C:\Windows\SYSTEM32\VERSION.dll
0x00007ffe24040000 - 0x00007ffe24071000 	C:\Windows\System32\IMM32.DLL
0x00007ffe1bd00000 - 0x00007ffe1bd0c000 	C:\Program Files\Java\jdk-21\bin\vcruntime140_1.dll
0x00007ffdf9da0000 - 0x00007ffdf9e2e000 	C:\Program Files\Java\jdk-21\bin\msvcp140.dll
0x00007ffd9d4e0000 - 0x00007ffd9e1ed000 	C:\Program Files\Java\jdk-21\bin\server\jvm.dll
0x00007ffe24390000 - 0x00007ffe24401000 	C:\Windows\System32\WS2_32.dll
0x00007ffe20570000 - 0x00007ffe205bd000 	C:\Windows\SYSTEM32\POWRPROF.dll
0x00007ffe18ce0000 - 0x00007ffe18d14000 	C:\Windows\SYSTEM32\WINMM.dll
0x00007ffe20550000 - 0x00007ffe20563000 	C:\Windows\SYSTEM32\UMPDC.dll
0x00007ffe20810000 - 0x00007ffe20828000 	C:\Windows\SYSTEM32\kernel.appcore.dll
0x00007ffe16130000 - 0x00007ffe1613a000 	C:\Program Files\Java\jdk-21\bin\jimage.dll
0x00007ffe1eb30000 - 0x00007ffe1ed62000 	C:\Windows\SYSTEM32\DBGHELP.DLL
0x00007ffe22ec0000 - 0x00007ffe2324f000 	C:\Windows\System32\combase.dll
0x00007ffe234b0000 - 0x00007ffe23587000 	C:\Windows\System32\OLEAUT32.dll
0x00007ffe15440000 - 0x00007ffe15472000 	C:\Windows\SYSTEM32\dbgcore.DLL
0x00007ffe21bf0000 - 0x00007ffe21c6b000 	C:\Windows\System32\bcryptPrimitives.dll
0x00007ffe13c70000 - 0x00007ffe13c7f000 	C:\Program Files\Java\jdk-21\bin\instrument.dll
0x00007ffe13f30000 - 0x00007ffe13f4f000 	C:\Program Files\Java\jdk-21\bin\java.dll
0x00007ffe23590000 - 0x00007ffe23e08000 	C:\Windows\System32\SHELL32.dll
0x00007ffe1f620000 - 0x00007ffe1ff28000 	C:\Windows\SYSTEM32\windows.storage.dll
0x00007ffe1f4e0000 - 0x00007ffe1f61f000 	C:\Windows\SYSTEM32\wintypes.dll
0x00007ffe22ce0000 - 0x00007ffe22dda000 	C:\Windows\System32\SHCORE.dll
0x00007ffe23fd0000 - 0x00007ffe2402e000 	C:\Windows\System32\shlwapi.dll
0x00007ffe21650000 - 0x00007ffe2167b000 	C:\Windows\SYSTEM32\profapi.dll
0x00007ffde23f0000 - 0x00007ffde24c7000 	C:\Program Files\Java\jdk-21\bin\jsvml.dll
0x00007ffe13e70000 - 0x00007ffe13e88000 	C:\Program Files\Java\jdk-21\bin\zip.dll
0x00007ffe14570000 - 0x00007ffe14580000 	C:\Program Files\Java\jdk-21\bin\net.dll
0x00007ffe1a7b0000 - 0x00007ffe1a8e6000 	C:\Windows\SYSTEM32\WINHTTP.dll
0x00007ffe20c80000 - 0x00007ffe20ce9000 	C:\Windows\system32\mswsock.dll
0x00007ffe13ed0000 - 0x00007ffe13ee6000 	C:\Program Files\Java\jdk-21\bin\nio.dll
0x00007ffe18fa0000 - 0x00007ffe18fba000 	C:\Program Files\JetBrains\IntelliJ IDEA Community Edition 2024.3\bin\breakgen64.dll
0x00007ffe13fa0000 - 0x00007ffe13fa9000 	C:\Program Files\Java\jdk-21\bin\extnet.dll

dbghelp: loaded successfully - version: 4.0.5 - missing functions: none
symbol engine: initialized successfully - sym options: 0x614 - pdb path: .;C:\Program Files\Java\jdk-21\bin;C:\Windows\SYSTEM32;C:\Windows\WinSxS\amd64_microsoft.windows.common-controls_6595b64144ccf1df_6.0.22621.4541_none_2710d1c57384c085;C:\Program Files\Java\jdk-21\bin\server;C:\Program Files\JetBrains\IntelliJ IDEA Community Edition 2024.3\bin

VM Arguments:
jvm_args: -javaagent:C:\Program Files\JetBrains\IntelliJ IDEA Community Edition 2024.3\lib\idea_rt.jar=50605:C:\Program Files\JetBrains\IntelliJ IDEA Community Edition 2024.3\bin -Dfile.encoding=UTF-8 -Dsun.stdout.encoding=UTF-8 -Dsun.stderr.encoding=UTF-8 
java_command: com.egroc.GroceryWebApplication
java_class_path (initial): C:\Users\Acer\Downloads\OOnlineGroceryStore-main\OnlineGroceryStore-main\target\classes;C:\Users\Acer\.m2\repository\org\springframework\boot\spring-boot-starter-mail\3.2.11\spring-boot-starter-mail-3.2.11.jar;C:\Users\Acer\.m2\repository\org\springframework\boot\spring-boot-starter\3.2.11\spring-boot-starter-3.2.11.jar;C:\Users\Acer\.m2\repository\org\springframework\boot\spring-boot-starter-logging\3.2.11\spring-boot-starter-logging-3.2.11.jar;C:\Users\Acer\.m2\repository\ch\qos\logback\logback-classic\1.4.14\logback-classic-1.4.14.jar;C:\Users\Acer\.m2\repository\ch\qos\logback\logback-core\1.4.14\logback-core-1.4.14.jar;C:\Users\Acer\.m2\repository\org\apache\logging\log4j\log4j-to-slf4j\2.21.1\log4j-to-slf4j-2.21.1.jar;C:\Users\Acer\.m2\repository\org\apache\logging\log4j\log4j-api\2.21.1\log4j-api-2.21.1.jar;C:\Users\Acer\.m2\repository\org\slf4j\jul-to-slf4j\2.0.16\jul-to-slf4j-2.0.16.jar;C:\Users\Acer\.m2\repository\org\yaml\snakeyaml\2.2\snakeyaml-2.2.jar;C:\Users\Acer\.m2\repository\org\springframework\spring-context-support\6.1.14\spring-context-support-6.1.14.jar;C:\Users\Acer\.m2\repository\org\springframework\spring-beans\6.1.14\spring-beans-6.1.14.jar;C:\Users\Acer\.m2\repository\org\springframework\spring-context\6.1.14\spring-context-6.1.14.jar;C:\Users\Acer\.m2\repository\org\eclipse\angus\jakarta.mail\2.0.3\jakarta.mail-2.0.3.jar;C:\Users\Acer\.m2\repository\jakarta\activation\jakarta.activation-api\2.1.3\jakarta.activation-api-2.1.3.jar;C:\Users\Acer\.m2\repository\org\eclipse\angus\angus-activation\2.0.2\angus-activation-2.0.2.jar;C:\Users\Acer\.m2\repository\org\springframework\boot\spring-boot-starter-data-jpa\3.2.11\spring-boot-starter-data-jpa-3.2.11.jar;C:\Users\Acer\.m2\repository\org\springframework\boot\spring-boot-starter-aop\3.2.11\spring-boot-starter-aop-3.2.11.jar;C:\Users\Acer\.m2\repository\org\aspectj\aspectjweaver\1.9.22.1\aspectjweaver-1.9.22.1.jar;C:\Users\Acer\.m2\repository\org\springframework\boot\spring-boot-starter-jdbc\3.2.11\spring-boot-starter-jdbc-3.2.11.jar;C:\Users\Acer\.m2\repository\com\zaxxer\HikariCP\5.0.1\HikariCP-5.0.1.jar;C:\Users\Acer\.m2\repository\org\springframework\spring-jdbc\6.1.14\spring-jdbc-6.1.14.jar;C:\Users\Acer\.m2\repository\org\springframework\data\spring-data-jpa\3.2.11\spring-data-jpa-3.2.11.jar;C:\Users\Acer\.m2\repository\org\springframework\data\spring-data-commons\3.2.11\spring-data-commons-3.2.11.jar;C:\Users\Acer\.m2\repository\org\springframework\spring-orm\6.1.14\spring-orm-6.1.14.jar;C:\Users\Acer\.m2\repository\org\springframework\spring-tx\6.1.14\spring-tx-6.1.14.jar;C:\Users\Acer\.m2\repository\org\springframework\spring-aspects\6.1.14\spring-aspects-6.1.14.jar;C:\Users\Acer\.m2\repository\org\springframework\boot\spring-boot-starter-thymeleaf\3.2.11\spring-boot-starter-thymeleaf-3.2.11.jar;C:\Users\Acer\.m2\repository\org\thymeleaf\thymeleaf-spring6\3.1.2.RELEASE\thymeleaf-spring6-3.1.2.RELEASE.jar;C:\Users\Acer\.m2\repository\org\thymeleaf\thymeleaf\3.1.2.RELEASE\thymeleaf-3.1.2.RELEASE.jar;C:\Users\Acer\.m2\repository\org\attoparser\attoparser\2.0.7.RELEASE\attoparser-2.0.7.RELEASE.jar;C:\Users\Acer\.m2\repository\org\unbescape\unbescape\1.1.6.RELEASE\unbescape-1.1.6.RELEASE.jar;C:\Users\Acer\.m2\repository\org\thymeleaf\extras\thymeleaf-extras-springsecurity6\3.1.2.RELEASE\thymeleaf-extras-springsecurity6-3.1.2.RELEASE.jar;C:\Users\Acer\.m2\repository\org\slf4j\slf4j-api\2.0.16\slf4j-api-2.0.16.jar;C:\Users\Acer\.m2\repository\org\springframework\boot\spring-boot-starter-web\3.2.11\spring-boot-starter-web-3.2.11.jar;C:\Users\Acer\.m2\repository\org\springframework\boot\spring-boot-starter-json\3.2.11\spring-boot-starter-json-3.2.11.jar;C:\Users\Acer\.m2\repository\com\fasterxml\jackson\core\jackson-databind\2.15.4\jackson-databind-2.15.4.jar;C:\Users\Acer\.m2\repository\com\fasterxml\jackson\core\jackson-annotations\2.15.4\jackson-annotations-2.15.4.jar;C:\Users\Acer\.m2\repository\com\fasterxml\jackson\core\jackson-core\2.15.4\jackson-core-2.15.4.jar;C:\Users\Acer\.m2\repository\com\fasterxml\jackson\datatype\jackson-datatype-jdk8\2.15.4\jackson-datatype-jdk8-2.15.4.jar;C:\Users\Acer\.m2\repository\com\fasterxml\jackson\datatype\jackson-datatype-jsr310\2.15.4\jackson-datatype-jsr310-2.15.4.jar;C:\Users\Acer\.m2\repository\com\fasterxml\jackson\module\jackson-module-parameter-names\2.15.4\jackson-module-parameter-names-2.15.4.jar;C:\Users\Acer\.m2\repository\org\springframework\spring-web\6.1.14\spring-web-6.1.14.jar;C:\Users\Acer\.m2\repository\io\micrometer\micrometer-observation\1.12.11\micrometer-observation-1.12.11.jar;C:\Users\Acer\.m2\repository\io\micrometer\micrometer-commons\1.12.11\micrometer-commons-1.12.11.jar;C:\Users\Acer\.m2\repository\org\springframework\spring-webmvc\6.1.14\spring-webmvc-6.1.14.jar;C:\Users\Acer\.m2\repository\org\springframework\spring-expression\6.1.14\spring-expression-6.1.14.jar;C:\Users\Acer\.m2\repository\org\springframework\security\spring-security-core\6.2.7\spring-security-core-6.2.7.jar;C:\Users\Acer\.m2\repository\org\springframework\security\spring-security-crypto\6.2.7\spring-security-crypto-6.2.7.jar;C:\Users\Acer\.m2\repository\org\springframework\security\spring-security-web\6.2.7\spring-security-web-6.2.7.jar;C:\Users\Acer\.m2\repository\org\springframework\spring-core\6.1.14\spring-core-6.1.14.jar;C:\Users\Acer\.m2\repository\org\springframework\spring-jcl\6.1.14\spring-jcl-6.1.14.jar;C:\Users\Acer\.m2\repository\org\springframework\boot\spring-boot-starter-security\3.2.11\spring-boot-starter-security-3.2.11.jar;C:\Users\Acer\.m2\repository\org\springframework\spring-aop\6.1.14\spring-aop-6.1.14.jar;C:\Users\Acer\.m2\repository\org\springframework\security\spring-security-config\6.2.7\spring-security-config-6.2.7.jar;C:\Users\Acer\.m2\repository\org\springframework\boot\spring-boot-devtools\3.2.11\spring-boot-devtools-3.2.11.jar;C:\Users\Acer\.m2\repository\org\springframework\boot\spring-boot\3.2.11\spring-boot-3.2.11.jar;C:\Users\Acer\.m2\repository\org\springframework\boot\spring-boot-autoconfigure\3.2.11\spring-boot-autoconfigure-3.2.11.jar;C:\Users\Acer\.m2\repository\com\mysql\mysql-connector-j\8.0.33\mysql-connector-j-8.0.33.jar;C:\Users\Acer\.m2\repository\jakarta\xml\bind\jakarta.xml.bind-api\4.0.2\jakarta.xml.bind-api-4.0.2.jar;C:\Users\Acer\.m2\repository\jakarta\persistence\jakarta.persistence-api\3.1.0\jakarta.persistence-api-3.1.0.jar;C:\Users\Acer\.m2\repository\org\hibernate\orm\hibernate-core\6.4.10.Final\hibernate-core-6.4.10.Final.jar;C:\Users\Acer\.m2\repository\jakarta\transaction\jakarta.transaction-api\2.0.1\jakarta.transaction-api-2.0.1.jar;C:\Users\Acer\.m2\repository\org\jboss\logging\jboss-logging\3.5.3.Final\jboss-logging-3.5.3.Final.jar;C:\Users\Acer\.m2\repository\org\hibernate\common\hibernate-commons-annotations\6.0.6.Final\hibernate-commons-annotations-6.0.6.Final.jar;C:\Users\Acer\.m2\repository\io\smallrye\jandex\3.1.2\jandex-3.1.2.jar;C:\Users\Acer\.m2\repository\com\fasterxml\classmate\1.6.0\classmate-1.6.0.jar;C:\Users\Acer\.m2\repository\net\bytebuddy\byte-buddy\1.14.19\byte-buddy-1.14.19.jar;C:\Users\Acer\.m2\repository\org\glassfish\jaxb\jaxb-runtime\4.0.5\jaxb-runtime-4.0.5.jar;C:\Users\Acer\.m2\repository\org\glassfish\jaxb\jaxb-core\4.0.5\jaxb-core-4.0.5.jar;C:\Users\Acer\.m2\repository\org\glassfish\jaxb\txw2\4.0.5\txw2-4.0.5.jar;C:\Users\Acer\.m2\repository\com\sun\istack\istack-commons-runtime\4.1.2\istack-commons-runtime-4.1.2.jar;C:\Users\Acer\.m2\repository\jakarta\inject\jakarta.inject-api\2.0.1\jakarta.inject-api-2.0.1.jar;C:\Users\Acer\.m2\repository\org\antlr\antlr4-runtime\4.13.0\antlr4-runtime-4.13.0.jar;C:\Users\Acer\.m2\repository\jakarta\validation\jakarta.validation-api\3.0.2\jakarta.validation-api-3.0.2.jar;C:\Users\Acer\.m2\repository\org\springframework\boot\spring-boot-starter-tomcat\3.2.11\spring-boot-starter-tomcat-3.2.11.jar;C:\Users\Acer\.m2\repository\jakarta\annotation\jakarta.annotation-api\2.1.1\jakarta.annotation-api-2.1.1.jar;C:\Users\Acer\.m2\repository\org\apache\tomcat\embed\tomcat-embed-core\10.1.31\tomcat-embed-core-10.1.31.jar;C:\Users\Acer\.m2\repository\org\apache\tomcat\embed\tomcat-embed-el\10.1.31\tomcat-embed-el-10.1.31.jar;C:\Users\Acer\.m2\repository\org\apache\tomcat\embed\tomcat-embed-websocket\10.1.31\tomcat-embed-websocket-10.1.31.jar
Launcher Type: SUN_STANDARD

[Global flags]
     intx CICompilerCount                          = 12                                        {product} {ergonomic}
     uint ConcGCThreads                            = 3                                         {product} {ergonomic}
     uint G1ConcRefinementThreads                  = 13                                        {product} {ergonomic}
   size_t G1HeapRegionSize                         = 2097152                                   {product} {ergonomic}
    uintx GCDrainStackTargetSize                   = 64                                        {product} {ergonomic}
   size_t InitialHeapSize                          = 264241152                                 {product} {ergonomic}
   size_t MarkStackSize                            = 4194304                                   {product} {ergonomic}
   size_t MaxHeapSize                              = 4213178368                                {product} {ergonomic}
   size_t MaxNewSize                               = 2527068160                                {product} {ergonomic}
   size_t MinHeapDeltaBytes                        = 2097152                                   {product} {ergonomic}
   size_t MinHeapSize                              = 8388608                                   {product} {ergonomic}
    uintx NonNMethodCodeHeapSize                   = 7602480                                {pd product} {ergonomic}
    uintx NonProfiledCodeHeapSize                  = 122027880                              {pd product} {ergonomic}
    uintx ProfiledCodeHeapSize                     = 122027880                              {pd product} {ergonomic}
    uintx ReservedCodeCacheSize                    = 251658240                              {pd product} {ergonomic}
     bool SegmentedCodeCache                       = true                                      {product} {ergonomic}
   size_t SoftMaxHeapSize                          = 4213178368                             {manageable} {ergonomic}
     bool UseCompressedOops                        = true                           {product lp64_product} {ergonomic}
     bool UseG1GC                                  = true                                      {product} {ergonomic}
     bool UseLargePagesIndividualAllocation        = false                                  {pd product} {ergonomic}

Logging:
Log output configuration:
 #0: stdout all=warning uptime,level,tags foldmultilines=false
 #1: stderr all=off uptime,level,tags foldmultilines=false

Environment Variables:
JAVA_HOME=C:\Program Files\Java\jdk-21
PATH=C:\app\Acer\product\21c\dbhomeXE\bin;C:\Program Files\Common Files\Oracle\Java\javapath;C:\Windows\system32;C:\Windows;C:\Windows\System32\Wbem;C:\Windows\System32\WindowsPowerShell\v1.0\;C:\Windows\System32\OpenSSH\;C:\Program Files\dotnet\;C:\Program Files\Docker\Docker\resources\bin;C:\Program Files\Java\jdk-21\bin;C:\Program Files\maven\maven-3.9.5\bin;C:\Program Files\Git\cmd;C:\Users\Acer\AppData\Local\Microsoft\WindowsApps;C:\Users\Acer\AppData\Local\Programs\Microsoft VS Code\bin;C:\Program Files\JetBrains\IntelliJ IDEA Community Edition 2024.3\bin;;C:\Users\Acer\Downloads\gradle-8.9-bin\gradle-8.9\bin;
USERNAME=Acer
OS=Windows_NT
PROCESSOR_IDENTIFIER=Intel64 Family 6 Model 186 Stepping 2, GenuineIntel
TMP=C:\Users\Acer\AppData\Local\Temp
TEMP=C:\Users\Acer\AppData\Local\Temp




Periodic native trim disabled

---------------  S Y S T E M  ---------------

OS:
 Windows 11 , 64 bit Build 22621 (10.0.22621.4391)
OS uptime: 12 days 9:49 hours
Hyper-V role detected

CPU: total 16 (initial active 16) (8 cores per cpu, 2 threads per core) family 6 model 186 stepping 2 microcode 0x410e, cx8, cmov, fxsr, ht, mmx, 3dnowpref, sse, sse2, sse3, ssse3, sse4.1, sse4.2, popcnt, lzcnt, tsc, tscinvbit, avx, avx2, aes, erms, clmul, bmi1, bmi2, adx, sha, fma, vzeroupper, clflush, clflushopt, clwb, hv, serialize, rdtscp, rdpid, fsrm, f16c, cet_ibt, cet_ss
Processor Information for processor 0
  Max Mhz: 2600, Current Mhz: 2600, Mhz Limit: 2600
Processor Information for processor 1
  Max Mhz: 2600, Current Mhz: 2600, Mhz Limit: 2600
Processor Information for processor 2
  Max Mhz: 2600, Current Mhz: 2600, Mhz Limit: 2600
Processor Information for processor 3
  Max Mhz: 2600, Current Mhz: 2600, Mhz Limit: 2600
Processor Information for processor 4
  Max Mhz: 2600, Current Mhz: 2600, Mhz Limit: 2600
Processor Information for processor 5
  Max Mhz: 2600, Current Mhz: 2600, Mhz Limit: 2600
Processor Information for processor 6
  Max Mhz: 2600, Current Mhz: 2600, Mhz Limit: 2600
Processor Information for processor 7
  Max Mhz: 2600, Current Mhz: 2600, Mhz Limit: 2600
Processor Information for processor 8
  Max Mhz: 2600, Current Mhz: 1900, Mhz Limit: 1898
Processor Information for processor 9
  Max Mhz: 2600, Current Mhz: 1500, Mhz Limit: 1898
Processor Information for processor 10
  Max Mhz: 2600, Current Mhz: 1500, Mhz Limit: 1898
Processor Information for processor 11
  Max Mhz: 2600, Current Mhz: 1900, Mhz Limit: 1898
Processor Information for processor 12
  Max Mhz: 2600, Current Mhz: 1900, Mhz Limit: 1898
Processor Information for processor 13
  Max Mhz: 2600, Current Mhz: 1900, Mhz Limit: 1898
Processor Information for processor 14
  Max Mhz: 2600, Current Mhz: 1900, Mhz Limit: 1898
Processor Information for processor 15
  Max Mhz: 2600, Current Mhz: 1500, Mhz Limit: 1898

Memory: 4k page, system-wide physical 16071M (505M free)
TotalPageFile size 34714M (AvailPageFile size 0M)
current process WorkingSet (physical memory assigned to process): 60M, peak: 60M
current process commit charge ("private bytes"): 358M, peak: 358M

vm_info: Java HotSpot(TM) 64-Bit Server VM (21.0.3+7-LTS-152) for windows-amd64 JRE (21.0.3+7-LTS-152), built on 2024-03-11T17:42:26Z by "mach5one" with MS VC++ 17.6 (VS2022)

END.
